<?xml version="1.0" encoding="UTF-8"?>
<testsuite xmlns:xsi="http://www.w3.org/2001/XMLSchema-instance" xsi:noNamespaceSchemaLocation="https://maven.apache.org/surefire/maven-surefire-plugin/xsd/surefire-test-report-3.0.xsd" version="3.0" name="com.craftinginterpreters.lox.Tests" time="0.124" tests="5" errors="0" skipped="0" failures="2">
  <properties>
[...]
</properties>
  <testcase name="initializedImmediately" classname="com.craftinginterpreters.lox.Tests" time="0.048"/>
  <testcase name="uninitializedUseAfterPrint" classname="com.craftinginterpreters.lox.Tests" time="0.006">
    <failure message="expected: &lt;assigned:Runtime error&gt; but was: &lt;assigned:nil&gt;" type="org.opentest4j.AssertionFailedError"><![CDATA[org.opentest4j.AssertionFailedError: expected: <assigned:Runtime error> but was: <assigned:nil>
	at org.junit.jupiter.api.AssertionFailureBuilder.build(AssertionFailureBuilder.java:151)
	at org.junit.jupiter.api.AssertionFailureBuilder.buildAndThrow(AssertionFailureBuilder.java:132)
	at org.junit.jupiter.api.AssertEquals.failNotEqual(AssertEquals.java:197)
	at org.junit.jupiter.api.AssertEquals.assertEquals(AssertEquals.java:182)
	at org.junit.jupiter.api.AssertEquals.assertEquals(AssertEquals.java:177)
	at org.junit.jupiter.api.Assertions.assertEquals(Assertions.java:1141)
	at com.craftinginterpreters.lox.Tests.outputTest(Tests.java:59)
	at com.craftinginterpreters.lox.Tests.uninitializedUseAfterPrint(Tests.java:108)
	at java.base/java.lang.reflect.Method.invoke(Method.java:580)
	at java.base/java.util.ArrayList.forEach(ArrayList.java:1596)
	at java.base/java.util.ArrayList.forEach(ArrayList.java:1596)
]]></failure>
  </testcase>
  <testcase name="uninitializedSimple" classname="com.craftinginterpreters.lox.Tests" time="0.0">
    <failure message="expected: &lt;Runtime error&gt; but was: &lt;nil&gt;" type="org.opentest4j.AssertionFailedError"><![CDATA[org.opentest4j.AssertionFailedError: expected: <Runtime error> but was: <nil>
	at org.junit.jupiter.api.AssertionFailureBuilder.build(AssertionFailureBuilder.java:151)
	at org.junit.jupiter.api.AssertionFailureBuilder.buildAndThrow(AssertionFailureBuilder.java:132)
	at org.junit.jupiter.api.AssertEquals.failNotEqual(AssertEquals.java:197)
	at org.junit.jupiter.api.AssertEquals.assertEquals(AssertEquals.java:182)
	at org.junit.jupiter.api.AssertEquals.assertEquals(AssertEquals.java:177)
	at org.junit.jupiter.api.Assertions.assertEquals(Assertions.java:1141)
	at com.craftinginterpreters.lox.Tests.outputTest(Tests.java:59)
	at com.craftinginterpreters.lox.Tests.uninitializedSimple(Tests.java:100)
	at java.base/java.lang.reflect.Method.invoke(Method.java:580)
	at java.base/java.util.ArrayList.forEach(ArrayList.java:1596)
	at java.base/java.util.ArrayList.forEach(ArrayList.java:1596)
]]></failure>
  </testcase>
  <testcase name="initializedLater" classname="com.craftinginterpreters.lox.Tests" time="0.0"/>
  <testcase name="initializedNil" classname="com.craftinginterpreters.lox.Tests" time="0.0"/>
</testsuite>