<?xml version="1.0" encoding="UTF-8"?>
<testsuite xmlns:xsi="http://www.w3.org/2001/XMLSchema-instance" xsi:noNamespaceSchemaLocation="https://maven.apache.org/surefire/maven-surefire-plugin/xsd/surefire-test-report-3.0.xsd" version="3.0" name="com.craftinginterpreters.lox.CombinedTest" time="0.112" tests="2" errors="0" skipped="0" failures="1">
  <properties>
[...]
</properties>
  <testcase name="testTernary" classname="com.craftinginterpreters.lox.CombinedTest" time="0.052">
    <system-err><![CDATA[token -- TRUE
token -- QUESTION
token -- NUMBER
token -- NUMBER
token -- FALSE
token -- QUESTION
token -- NUMBER
token -- NUMBER
]]></system-err>
  </testcase>
  <testcase name="precedence1" classname="com.craftinginterpreters.lox.CombinedTest" time="0.018">
    <failure message="expected: &lt;(, (?: true 2.0 3.0) (?: false 5.0 6.0))&gt; but was: &lt;(?: true 2.0 (, 3.0 (?: false 5.0 6.0)))&gt;" type="org.opentest4j.AssertionFailedError"><![CDATA[org.opentest4j.AssertionFailedError: expected: <(, (?: true 2.0 3.0) (?: false 5.0 6.0))> but was: <(?: true 2.0 (, 3.0 (?: false 5.0 6.0)))>
	at org.junit.jupiter.api.AssertionFailureBuilder.build(AssertionFailureBuilder.java:151)
	at org.junit.jupiter.api.AssertionFailureBuilder.buildAndThrow(AssertionFailureBuilder.java:132)
	at org.junit.jupiter.api.AssertEquals.failNotEqual(AssertEquals.java:197)
	at org.junit.jupiter.api.AssertEquals.assertEquals(AssertEquals.java:182)
	at org.junit.jupiter.api.AssertEquals.assertEquals(AssertEquals.java:177)
	at org.junit.jupiter.api.Assertions.assertEquals(Assertions.java:1141)
	at com.craftinginterpreters.lox.CombinedTest.doTest(CombinedTest.java:15)
	at com.craftinginterpreters.lox.CombinedTest.precedence1(CombinedTest.java:20)
	at java.base/java.lang.reflect.Method.invoke(Method.java:580)
	at java.base/java.util.ArrayList.forEach(ArrayList.java:1596)
	at java.base/java.util.ArrayList.forEach(ArrayList.java:1596)
]]></failure>
    <system-out><![CDATA[Parsed comma: com.craftinginterpreters.lox.Expr$Literal@7f3b84b8 , com.craftinginterpreters.lox.Expr$Ternary@57a3af25
Printing comma expression: (, 3.0 (?: false 5.0 6.0))
]]></system-out>
    <system-err><![CDATA[token -- TRUE
token -- QUESTION
token -- NUMBER
token -- NUMBER
token -- COMMA
token -- FALSE
token -- QUESTION
token -- NUMBER
token -- NUMBER
]]></system-err>
  </testcase>
</testsuite>