<?xml version="1.0" encoding="UTF-8"?>
<testsuite xmlns:xsi="http://www.w3.org/2001/XMLSchema-instance" xsi:noNamespaceSchemaLocation="https://maven.apache.org/surefire/maven-surefire-plugin/xsd/surefire-test-report-3.0.xsd" version="3.0" name="com.craftinginterpreters.lox.CommaTest" time="0.011" tests="2" errors="0" skipped="0" failures="0">
  <properties>
[...]
</properties>
  <testcase name="simpleBoolean" classname="com.craftinginterpreters.lox.CommaTest" time="0.007">
    <system-out><![CDATA[Parsed comma: com.craftinginterpreters.lox.Expr$Binary@59474f18 , com.craftinginterpreters.lox.Expr$Binary@65fb9ffc
Evaluating comma: left = true, right = false
Printing comma expression: (, (!= 0.0 1.0) (== 2.0 3.0))
]]></system-out>
    <system-err><![CDATA[token -- NUMBER
token -- BANG_EQUAL
token -- NUMBER
token -- COMMA
token -- NUMBER
token -- EQUAL_EQUAL
token -- NUMBER
]]></system-err>
  </testcase>
  <testcase name="simpleMixed" classname="com.craftinginterpreters.lox.CommaTest" time="0.0">
    <system-out><![CDATA[Parsed comma: com.craftinginterpreters.lox.Expr$Binary@78691363 , com.craftinginterpreters.lox.Expr$Binary@41d477ed
Evaluating comma: left = true, right = 8.0
Printing comma expression: (, (== a a) (+ 5.0 3.0))
]]></system-out>
    <system-err><![CDATA[token -- STRING
token -- EQUAL_EQUAL
token -- STRING
token -- COMMA
token -- NUMBER
token -- PLUS
token -- NUMBER
]]></system-err>
  </testcase>
</testsuite>